<?xml version="1.0" encoding="UTF-8"?>
<testsuite xmlns:xsi="http://www.w3.org/2001/XMLSchema-instance" xsi:noNamespaceSchemaLocation="https://maven.apache.org/surefire/maven-surefire-plugin/xsd/surefire-test-report.xsd" name="org.luncert.objpool.TestKryo" time="0.02" tests="1" errors="0" skipped="0" failures="0">
  <properties>
    <property name="sun.desktop" value="gnome"/>
    <property name="awt.toolkit" value="sun.awt.X11.XToolkit"/>
    <property name="file.encoding.pkg" value="sun.io"/>
    <property name="java.specification.version" value="1.8"/>
    <property name="sun.cpu.isalist" value=""/>
    <property name="sun.jnu.encoding" value="UTF-8"/>
    <property name="java.class.path" value="/home/lijingwei/github/javautils/objpool/target/test-classes:/home/lijingwei/github/javautils/objpool/target/classes:/home/lijingwei/.m2/repository/javax/xml/jaxp-api/1.4.2/jaxp-api-1.4.2.jar:/home/lijingwei/.m2/repository/com/esotericsoftware/kryo/4.0.2/kryo-4.0.2.jar:/home/lijingwei/.m2/repository/com/esotericsoftware/reflectasm/1.11.3/reflectasm-1.11.3.jar:/home/lijingwei/.m2/repository/org/ow2/asm/asm/5.0.4/asm-5.0.4.jar:/home/lijingwei/.m2/repository/com/esotericsoftware/minlog/1.3.0/minlog-1.3.0.jar:/home/lijingwei/.m2/repository/org/objenesis/objenesis/2.5.1/objenesis-2.5.1.jar:/home/lijingwei/.m2/repository/junit/junit/4.11/junit-4.11.jar:/home/lijingwei/.m2/repository/org/hamcrest/hamcrest-core/1.3/hamcrest-core-1.3.jar:"/>
    <property name="java.vm.vendor" value="Oracle Corporation"/>
    <property name="sun.arch.data.model" value="64"/>
    <property name="java.vendor.url" value="http://java.oracle.com/"/>
    <property name="user.timezone" value=""/>
    <property name="java.vm.specification.version" value="1.8"/>
    <property name="os.name" value="Linux"/>
    <property name="user.country" value="US"/>
    <property name="sun.java.launcher" value="SUN_STANDARD"/>
    <property name="sun.boot.library.path" value="/usr/lib/jvm/java-8-oracle/jre/lib/amd64"/>
    <property name="sun.java.command" value="/home/lijingwei/github/javautils/objpool/target/surefire/surefirebooter6446105788200825968.jar /home/lijingwei/github/javautils/objpool/target/surefire 2018-06-05T10-28-51_373-jvmRun1 surefire4719934652252401149tmp surefire_05932904409988561861tmp"/>
    <property name="test" value="org.luncert.objpool.TestKryo"/>
    <property name="surefire.test.class.path" value="/home/lijingwei/github/javautils/objpool/target/test-classes:/home/lijingwei/github/javautils/objpool/target/classes:/home/lijingwei/.m2/repository/javax/xml/jaxp-api/1.4.2/jaxp-api-1.4.2.jar:/home/lijingwei/.m2/repository/com/esotericsoftware/kryo/4.0.2/kryo-4.0.2.jar:/home/lijingwei/.m2/repository/com/esotericsoftware/reflectasm/1.11.3/reflectasm-1.11.3.jar:/home/lijingwei/.m2/repository/org/ow2/asm/asm/5.0.4/asm-5.0.4.jar:/home/lijingwei/.m2/repository/com/esotericsoftware/minlog/1.3.0/minlog-1.3.0.jar:/home/lijingwei/.m2/repository/org/objenesis/objenesis/2.5.1/objenesis-2.5.1.jar:/home/lijingwei/.m2/repository/junit/junit/4.11/junit-4.11.jar:/home/lijingwei/.m2/repository/org/hamcrest/hamcrest-core/1.3/hamcrest-core-1.3.jar:"/>
    <property name="sun.cpu.endian" value="little"/>
    <property name="user.home" value="/home/lijingwei"/>
    <property name="user.language" value="en"/>
    <property name="java.specification.vendor" value="Oracle Corporation"/>
    <property name="java.home" value="/usr/lib/jvm/java-8-oracle/jre"/>
    <property name="basedir" value="/home/lijingwei/github/javautils/objpool"/>
    <property name="file.separator" value="/"/>
    <property name="line.separator" value="&#10;"/>
    <property name="java.vm.specification.vendor" value="Oracle Corporation"/>
    <property name="java.specification.name" value="Java Platform API Specification"/>
    <property name="java.awt.graphicsenv" value="sun.awt.X11GraphicsEnvironment"/>
    <property name="surefire.real.class.path" value="/home/lijingwei/github/javautils/objpool/target/surefire/surefirebooter6446105788200825968.jar"/>
    <property name="sun.boot.class.path" value="/usr/lib/jvm/java-8-oracle/jre/lib/resources.jar:/usr/lib/jvm/java-8-oracle/jre/lib/rt.jar:/usr/lib/jvm/java-8-oracle/jre/lib/sunrsasign.jar:/usr/lib/jvm/java-8-oracle/jre/lib/jsse.jar:/usr/lib/jvm/java-8-oracle/jre/lib/jce.jar:/usr/lib/jvm/java-8-oracle/jre/lib/charsets.jar:/usr/lib/jvm/java-8-oracle/jre/lib/jfr.jar:/usr/lib/jvm/java-8-oracle/jre/classes"/>
    <property name="sun.management.compiler" value="HotSpot 64-Bit Tiered Compilers"/>
    <property name="java.runtime.version" value="1.8.0_171-b11"/>
    <property name="user.name" value="lijingwei"/>
    <property name="path.separator" value=":"/>
    <property name="os.version" value="4.13.0-43-generic"/>
    <property name="java.endorsed.dirs" value="/usr/lib/jvm/java-8-oracle/jre/lib/endorsed"/>
    <property name="java.runtime.name" value="Java(TM) SE Runtime Environment"/>
    <property name="file.encoding" value="UTF-8"/>
    <property name="java.vm.name" value="Java HotSpot(TM) 64-Bit Server VM"/>
    <property name="localRepository" value="/home/lijingwei/.m2/repository"/>
    <property name="java.vendor.url.bug" value="http://bugreport.sun.com/bugreport/"/>
    <property name="java.io.tmpdir" value="/tmp"/>
    <property name="java.version" value="1.8.0_171"/>
    <property name="user.dir" value="/home/lijingwei/github/javautils/objpool"/>
    <property name="os.arch" value="amd64"/>
    <property name="java.vm.specification.name" value="Java Virtual Machine Specification"/>
    <property name="java.awt.printerjob" value="sun.print.PSPrinterJob"/>
    <property name="sun.os.patch.level" value="unknown"/>
    <property name="java.library.path" value="/usr/local/Trolltech/Qt-4.8.1/lib::/usr/java/packages/lib/amd64:/usr/lib64:/lib64:/lib:/usr/lib"/>
    <property name="java.vm.info" value="mixed mode"/>
    <property name="java.vendor" value="Oracle Corporation"/>
    <property name="java.vm.version" value="25.171-b11"/>
    <property name="java.ext.dirs" value="/usr/lib/jvm/java-8-oracle/jre/lib/ext:/usr/java/packages/lib/ext"/>
    <property name="sun.io.unicode.encoding" value="UnicodeLittle"/>
    <property name="java.class.version" value="52.0"/>
  </properties>
  <testcase name="test" classname="org.luncert.objpool.TestKryo" time="0.01"/>
</testsuite>